<?xml version="1.0" encoding="UTF-8"?>
<testng-results skipped="0" failed="0" total="2" passed="2">
  <reporter-output>
  </reporter-output>
  <suite name="Suite" duration-ms="40" started-at="2016-04-04T19:31:45Z" finished-at="2016-04-04T19:31:45Z">
    <groups>
    </groups>
    <test name="TestName" duration-ms="40" started-at="2016-04-04T19:31:45Z" finished-at="2016-04-04T19:31:45Z">
      <class name="test.TestExample">
        <test-method status="PASS" signature="setUp(java.lang.String, java.lang.String)[pri:0, instance:test.TestExample@6d8a00e3]" name="setUp" is-config="true" duration-ms="10" started-at="2016-04-04T22:31:45Z" finished-at="2016-04-04T22:31:45Z">
          <params>
            <param index="0">
              <value>
                <![CDATA[test]]>
              </value>
            </param>
            <param index="1">
              <value>
                <![CDATA[1234]]>
              </value>
            </param>
          </params>
          <reporter-output>
          </reporter-output>
        </test-method> <!-- setUp -->
        <test-method status="PASS" signature="test1()[pri:0, instance:test.TestExample@6d8a00e3]" name="test1" duration-ms="10" started-at="2016-04-04T22:31:45Z" finished-at="2016-04-04T22:31:45Z">
          <reporter-output>
          </reporter-output>
        </test-method> <!-- test1 -->
        <test-method status="PASS" signature="test2()[pri:0, instance:test.TestExample@6d8a00e3]" name="test2" duration-ms="10" started-at="2016-04-04T22:31:45Z" finished-at="2016-04-04T22:31:45Z">
          <reporter-output>
          </reporter-output>
        </test-method> <!-- test2 -->
      </class> <!-- test.TestExample -->
    </test> <!-- TestName -->
  </suite> <!-- Suite -->
</testng-results>
