<?xml version="1.0" encoding="UTF-8"?>
<!-- Generated by org.testng.reporters.JUnitXMLReporter -->
<testsuite hostname="INTEND" name="Practice Grouping" tests="5" failures="0" timestamp="12 Apr 2016 12:19:10 GMT" time="0.05" errors="0">
  <testcase name="Car1" time="0.02" classname="automationFramework.Grouping"/>
  <testcase name="Car2" time="0.0" classname="automationFramework.Grouping"/>
  <testcase name="Scooter1" time="0.0" classname="automationFramework.Grouping"/>
  <testcase name="Scooter2" time="0.0" classname="automationFramework.Grouping"/>
  <testcase name="Sedan1" time="0.0" classname="automationFramework.Grouping"/>
</testsuite> <!-- Practice Grouping -->
