<?xml version="1.0" encoding="UTF-8"?>
<testng-results skipped="0" failed="0" total="5" passed="5">
  <reporter-output>
  </reporter-output>
  <suite name="Suite" duration-ms="50" started-at="2016-04-12T12:19:10Z" finished-at="2016-04-12T12:19:10Z">
    <groups>
      <group name="Scooter">
        <method signature="Grouping.Scooter1()[pri:0, instance:automationFramework.Grouping@5419f379]" name="Scooter1" class="automationFramework.Grouping"/>
        <method signature="Grouping.Scooter2()[pri:0, instance:automationFramework.Grouping@5419f379]" name="Scooter2" class="automationFramework.Grouping"/>
      </group> <!-- Scooter -->
      <group name="Car">
        <method signature="Grouping.Car1()[pri:0, instance:automationFramework.Grouping@5419f379]" name="Car1" class="automationFramework.Grouping"/>
        <method signature="Grouping.Car2()[pri:0, instance:automationFramework.Grouping@5419f379]" name="Car2" class="automationFramework.Grouping"/>
        <method signature="Grouping.Sedan1()[pri:0, instance:automationFramework.Grouping@5419f379]" name="Sedan1" class="automationFramework.Grouping"/>
      </group> <!-- Car -->
      <group name="Sedan Car">
        <method signature="Grouping.Sedan1()[pri:0, instance:automationFramework.Grouping@5419f379]" name="Sedan1" class="automationFramework.Grouping"/>
      </group> <!-- Sedan Car -->
    </groups>
    <test name="Practice Grouping" duration-ms="50" started-at="2016-04-12T12:19:10Z" finished-at="2016-04-12T12:19:10Z">
      <class name="automationFramework.Grouping">
        <test-method status="PASS" signature="Car1()[pri:0, instance:automationFramework.Grouping@5419f379]" name="Car1" duration-ms="20" started-at="2016-04-12T15:19:10Z" finished-at="2016-04-12T15:19:10Z">
          <reporter-output>
          </reporter-output>
        </test-method> <!-- Car1 -->
        <test-method status="PASS" signature="Car2()[pri:0, instance:automationFramework.Grouping@5419f379]" name="Car2" duration-ms="0" started-at="2016-04-12T15:19:10Z" finished-at="2016-04-12T15:19:10Z">
          <reporter-output>
          </reporter-output>
        </test-method> <!-- Car2 -->
        <test-method status="PASS" signature="Sedan1()[pri:0, instance:automationFramework.Grouping@5419f379]" name="Sedan1" duration-ms="0" started-at="2016-04-12T15:19:10Z" finished-at="2016-04-12T15:19:10Z">
          <reporter-output>
          </reporter-output>
        </test-method> <!-- Sedan1 -->
        <test-method status="PASS" signature="Scooter1()[pri:0, instance:automationFramework.Grouping@5419f379]" name="Scooter1" duration-ms="0" started-at="2016-04-12T15:19:10Z" finished-at="2016-04-12T15:19:10Z">
          <reporter-output>
          </reporter-output>
        </test-method> <!-- Scooter1 -->
        <test-method status="PASS" signature="Scooter2()[pri:0, instance:automationFramework.Grouping@5419f379]" name="Scooter2" duration-ms="0" started-at="2016-04-12T15:19:10Z" finished-at="2016-04-12T15:19:10Z">
          <reporter-output>
          </reporter-output>
        </test-method> <!-- Scooter2 -->
      </class> <!-- automationFramework.Grouping -->
    </test> <!-- Practice Grouping -->
  </suite> <!-- Suite -->
</testng-results>
